0 info it worked if it ends with ok
1 verbose cli [ 'C:\\Program Files\\nodejs\\\\node.exe',
1 verbose cli   'C:\\Program Files\\nodejs\\node_modules\\npm\\bin\\npm-cli.js',
1 verbose cli   'start' ]
2 info using npm@3.3.3
3 info using node@v0.12.2
4 verbose run-script [ 'prestart', 'start', 'poststart' ]
5 info lifecycle buddyserver@0.0.0~prestart: buddyserver@0.0.0
6 silly lifecycle buddyserver@0.0.0~prestart: no script for prestart, continuing
7 info lifecycle buddyserver@0.0.0~start: buddyserver@0.0.0
8 verbose lifecycle buddyserver@0.0.0~start: unsafe-perm in lifecycle true
9 verbose lifecycle buddyserver@0.0.0~start: PATH: C:\Program Files\nodejs\node_modules\npm\bin\node-gyp-bin;C:\Sportbuddy\backend\node_modules\.bin;C:\ProgramData\Oracle\Java\javapath;C:\Program Files (x86)\Intel\iCLS Client\;C:\Program Files\Intel\iCLS Client\;C:\Windows\system32;C:\Windows;C:\Windows\System32\Wbem;C:\Windows\System32\WindowsPowerShell\v1.0\;C:\Program Files\Intel\Intel(R) Management Engine Components\DAL;C:\Program Files\Intel\Intel(R) Management Engine Components\IPT;C:\Program Files (x86)\Intel\Intel(R) Management Engine Components\DAL;C:\Program Files (x86)\Intel\Intel(R) Management Engine Components\IPT;C:\Program Files\Intel\WiFi\bin\;C:\Program Files\Common Files\Intel\WirelessCommon\;C:\Program Files\Intel\WiFi\bin\;C:\Program Files\Common Files\Intel\WirelessCommon\;C:\Program Files\Acer\Remote Files\;C:\Program Files (x86)\MySQL\MySQL Fabric 1.5.3 & MySQL Utilities 1.5.3 1.5\;C:\Program Files (x86)\MySQL\MySQL Fabric 1.5.3 & MySQL Utilities 1.5.3 1.5\Doctrine extensions for PHP\;C:\Program Files\nodejs\;C:\Program Files (x86)\NVIDIA Corporation\PhysX\Common;C:\Users\MikkoR\AppData\Roaming\npm
10 verbose lifecycle buddyserver@0.0.0~start: CWD: C:\Sportbuddy\backend
11 silly lifecycle buddyserver@0.0.0~start: Args: [ '/d /s /c', 'node ./bin/www' ]
12 silly lifecycle buddyserver@0.0.0~start: Returned: code: 1  signal: null
13 info lifecycle buddyserver@0.0.0~start: Failed to exec start script
14 verbose stack Error: buddyserver@0.0.0 start: `node ./bin/www`
14 verbose stack Exit status 1
14 verbose stack     at EventEmitter.<anonymous> (C:\Program Files\nodejs\node_modules\npm\lib\utils\lifecycle.js:233:16)
14 verbose stack     at EventEmitter.emit (events.js:110:17)
14 verbose stack     at ChildProcess.<anonymous> (C:\Program Files\nodejs\node_modules\npm\lib\utils\spawn.js:24:14)
14 verbose stack     at ChildProcess.emit (events.js:110:17)
14 verbose stack     at maybeClose (child_process.js:1015:16)
14 verbose stack     at Process.ChildProcess._handle.onexit (child_process.js:1087:5)
15 verbose pkgid buddyserver@0.0.0
16 verbose cwd C:\Sportbuddy\backend
17 error Windows_NT 6.3.9600
18 error argv "C:\\Program Files\\nodejs\\\\node.exe" "C:\\Program Files\\nodejs\\node_modules\\npm\\bin\\npm-cli.js" "start"
19 error node v0.12.2
20 error npm  v3.3.3
21 error code ELIFECYCLE
22 error buddyserver@0.0.0 start: `node ./bin/www`
22 error Exit status 1
23 error Failed at the buddyserver@0.0.0 start script 'node ./bin/www'.
23 error This is most likely a problem with the buddyserver package,
23 error not with npm itself.
23 error Tell the author that this fails on your system:
23 error     node ./bin/www
23 error You can get their info via:
23 error     npm owner ls buddyserver
23 error There is likely additional logging output above.
24 verbose exit [ 1, true ]
